<?xml version="1.0" encoding="UTF-8"?>
<testng-results skipped="0" failed="0" ignored="0" total="1" passed="1">
  <reporter-output>
  </reporter-output>
  <suite name="Default suite" duration-ms="49" started-at="2020-02-01T07:39:01Z" finished-at="2020-02-01T07:39:01Z">
    <groups>
    </groups>
    <test name="Default test" duration-ms="49" started-at="2020-02-01T07:39:01Z" finished-at="2020-02-01T07:39:01Z">
      <class name="home.testing">
        <test-method status="PASS" signature="run()[pri:0, instance:home.testing@167c1fc]" name="run" duration-ms="15" started-at="2020-02-01T07:39:01Z" finished-at="2020-02-01T07:39:01Z">
          <reporter-output>
          </reporter-output>
        </test-method> <!-- run -->
      </class> <!-- home.testing -->
    </test> <!-- Default test -->
  </suite> <!-- Default suite -->
</testng-results>
